sdumont1391
sdumont1391
 Result=   164000190734.863      for        1024 partitions in  4.0000305E-06 s
 Result=   164000190734.863      for        1024 partitions in  4.9998052E-06 s
 Result=   164000190734.863      for        1024 partitions in  1.1000317E-05 s
 Result=   164000190734.863      for        1024 partitions in  1.2999866E-05 s
 Result=   164000190734.863      for        1024 partitions in  4.0000305E-06 s
 Result=   164000190734.863      for        1024 partitions in  5.0002709E-06 s
 Result=   164000190734.863      for        1024 partitions in  5.0002709E-06 s
 Result=   164000190734.863      for        1024 partitions in  3.9995648E-06 s
 Result=   164000000000.182      for     1048576 partitions in  6.0799997E-04 s
 Result=   164000000000.182      for     1048576 partitions in  6.0799997E-04 s
 Result=   164000000000.182      for     1048576 partitions in  6.0700066E-04 s
 Result=   164000000000.182      for     1048576 partitions in  6.0500018E-04 s
 Result=   164000000000.182      for     1048576 partitions in  5.7100039E-04 s
 Result=   164000000000.182      for     1048576 partitions in  5.7100039E-04 s
 Result=   164000000000.182      for     1048576 partitions in  6.6399947E-04 s
 Result=   164000000000.182      for     1048576 partitions in  6.2000006E-04 s
 Result=   164000000000.014      for  1073741824 partitions in  0.6153200     s
 Result=   164000000000.014      for  1073741824 partitions in  0.6169440     s
 Result=   164000000000.014      for  1073741824 partitions in  0.6181700     s
 Result=   164000000000.014      for  1073741824 partitions in  0.6196440     s
 Result=   164000000000.014      for  1073741824 partitions in  0.6197030     s
 Result=   164000000000.014      for  1073741824 partitions in  0.6206610     s
 Result=   164000000000.014      for  1073741824 partitions in  0.6207520     s
 Result=   164000000000.014      for  1073741824 partitions in  0.6231370     s
 Result=   164000190734.863      for        1024 partitions in  3.4260005E-03 s
 Result=   164000000000.182      for     1048576 partitions in  1.0200590E-04 s
 Result=   163999999999.998      for  1073741824 partitions in  8.8807002E-02 s
