This is TeX, Version 3.1415 (C version 6.1) (format=latex 95.2.4)  26 NOV 1996 20:23
**images.tex
(images.tex
LaTeX2e <1994/12/01> patch level 1

(/apps/TeX/inputs/tex/latex2e/base/article.cls
Document Class: article 1994/12/09 v1.2x Standard LaTeX document class
(/apps/TeX/inputs/tex/latex2e/base/size10.clo
File: size10.clo 1994/12/09 v1.2x Standard LaTeX file (size option)
)
\c@part=\count82
\c@section=\count83
\c@subsection=\count84
\c@subsubsection=\count85
\c@paragraph=\count86
\c@subparagraph=\count87
\c@figure=\count88
\c@table=\count89
\abovecaptionskip=\skip41
\belowcaptionskip=\skip42
LaTeX Info: Redefining \cal on input line 455.
LaTeX Info: Redefining \mit on input line 456.
\bibindent=\dimen102
) (/apps/TeX/inputs/tex/latex2e/contrib/supported/float/float.sty
Package: float 1994/06/20 v1.2 Float enhancements (AL)
\c@float@type=\count90
\float@box=\box26
\@floatcapt=\box27
) (/apps/TeX/inputs/tex/latex2e/packages/graphics/epsfig.sty
Package: epsfig 1994/06/07 1.3 (SPQR)
(/apps/TeX/inputs/tex/latex2e/packages/graphics/graphicx.sty
Package: graphicx 1994/11/29 v0.5a Enhanced LaTeX Graphics (DPC,SPQR)
(/apps/TeX/inputs/tex/latex2e/packages/graphics/keyval.sty
Package: keyval 1994/09/12 v1.08 key=value parser (DPC)
) (/apps/TeX/inputs/tex/latex2e/packages/graphics/graphics.sty
Package: graphics 1994/12/15 v0.6c Standard LaTeX Graphics (DPC,SPQR)
(/apps/TeX/inputs/tex/latex2e/packages/graphics/trig.sty
Package: trig 1994/10/16 v1.08 sin cos tan (DPC)
) (/apps/TeX/inputs/tex/latex2e/packages/graphics/graphics.cfg)
Package graphics Info: Driver file: dvips.def on input line 88.
(/apps/TeX/inputs/tex/latex2e/packages/graphics/dvips.def
File: dvips.def 1994/12/12 v2.6 Driver-dependant file (DPC,SPQR)
))
\Gin@req@height=\dimen103
\Gin@req@width=\dimen104
)
\epsfxsize=\dimen105
\epsfysize=\dimen106
) (/apps/TeX/inputs/tex/latex2e/contrib/supported/latex2html/html.sty
Package: html 1996/02/01 v1.0 hypertext commands for latex2html (nd, hs)
\c@lpart=\count91
\c@lchapter=\count92
\c@lsection=\count93
\c@lsubsection=\count94
\c@lsubsubsection=\count95
\c@lparagraph=\count96
\c@lsubparagraph=\count97
\c@lsubsubparagraph=\count98
\c@lequation=\count99
Excluding comment 'comment' Excluding comment 'rawhtml' Excluding comment 'html
only')
\lthtmlwrite=\write3
\sizebox=\box28
(images.aux)
LaTeX Font Info:    Checking defaults for OML/cmm/m/it on input line 1164.
LaTeX Font Info:    ... okay on input line 1164.
LaTeX Font Info:    Checking defaults for T1/cmr/m/n on input line 1164.
LaTeX Font Info:    ... okay on input line 1164.
LaTeX Font Info:    Checking defaults for OT1/cmr/m/n on input line 1164.
LaTeX Font Info:    ... okay on input line 1164.
LaTeX Font Info:    Checking defaults for OMS/cmsy/m/n on input line 1164.
LaTeX Font Info:    ... okay on input line 1164.
LaTeX Font Info:    Checking defaults for OMX/cmex/m/n on input line 1164.
LaTeX Font Info:    ... okay on input line 1164.
LaTeX Font Info:    Checking defaults for U/cmr/m/n on input line 1164.
LaTeX Font Info:    ... okay on input line 1164.
LaTeX Font Info:    External font `cmex10' loaded for size
(Font)              <7> on input line 1178.
LaTeX Font Info:    External font `cmex10' loaded for size
(Font)              <5> on input line 1178.
latex2htmlSize :tex2html_wrap_inline20398: 5.39098pt::0.39098pt.
[1


]
latex2htmlSize :tex2html_wrap_inline20400: 5.39098pt::0.39098pt.
[2

]
latex2htmlSize :tex2html_wrap_inline20498: 8.14003pt::0.0pt.
[3

]
latex2htmlSize :tex2html_wrap_inline20500: 8.14003pt::0.0pt.
[4

]
latex2htmlSize :tex2html_wrap_inline20502: 8.14003pt::0.0pt.
[5

] [6

]
Underfull \hbox (badness 10000) in paragraph at lines 1248--1248
[]\OT1/cmtt/m/n/10 FORMAT
 []


Underfull \hbox (badness 10000) in paragraph at lines 1248--1248
\OT1/cmr/m/n/10 and \OT1/cmtt/m/n/10 ENTRY
 []


Underfull \hbox (badness 10000) in paragraph at lines 1248--1249
[]\OT1/cmtt/m/n/10 PARA-METER \OT1/cmr/m/n/10 and \OT1/cmtt/m/n/10 DATA
 []


Underfull \hbox (badness 4660) in paragraph at lines 1249--1252
\OT1/cmr/m/n/10 func-tion state-ments and spec-i-fi-ca-tion
 []


Overfull \hbox (67.34998pt too wide) in paragraph at lines 1233--1267
[][]
 []


Underfull \hbox (badness 10000) in paragraph at lines 1233--1267

 []

[7

]
latex2htmlSize :tex2html_wrap_inline20550: 6.44444pt::0.83333pt.
[8

]
latex2htmlSize :tex2html_wrap_inline20618: 4.30554pt::0.0pt.
[9

] [10

] [11

]
latex2htmlSize :tex2html_wrap_inline21292: 8.49002pt::0.0pt.
[12

]
latex2htmlSize :tex2html_wrap_inline21294: 6.59525pt::1.94444pt.
[13

]
Overfull \hbox (1.41681pt too wide) in paragraph at lines 1366--1383
[][]  
 []

[14

]
latex2htmlSize :tex2html_wrap_inline21322: 7.5pt::2.5pt.
[15

]
latex2htmlSize :tex2html_wrap_inline21324: 6.9512pt::3.44841pt.
[16

]
latex2htmlSize :tex2html_wrap_inline21326: 6.6428pt::0.0pt.
[17

]
Overfull \hbox (36.19421pt too wide) in paragraph at lines 1402--1421
[][]
 []


Underfull \hbox (badness 10000) in paragraph at lines 1402--1421

 []

[18

]
latex2htmlSize :tex2html_wrap_inline21362: 6.94444pt::0.0pt.
[19

]
latex2htmlSize :tex2html_wrap_inline21370: 8.49002pt::0.0pt.
[20

]
File: /home/spm/adamm/HPC/F90Course/Diagrams/ArrayFigures.eps Graphic file (typ
e eps)
</home/spm/adamm/HPC/F90Course/Diagrams/ArrayFigures.eps> [21

]
latex2htmlSize :tex2html_wrap_inline21372: 6.44444pt::0.83333pt.
[22

]
File: /home/spm/adamm/HPC/F90Course/Diagrams/ArrayFigures.eps Graphic file (typ
e eps)
</home/spm/adamm/HPC/F90Course/Diagrams/ArrayFigures.eps> [23]
File: /home/spm/adamm/HPC/F90Course/Diagrams/ArrayElementOrderingFigure.eps Gra
phic file (type eps)
</home/spm/adamm/HPC/F90Course/Diagrams/ArrayElementOrderingFigure.eps> [24


]
File: /home/spm/adamm/HPC/F90Course/Diagrams/ArrayElementOrderingFigure.eps Gra
phic file (type eps)
</home/spm/adamm/HPC/F90Course/Diagrams/ArrayElementOrderingFigure.eps> [25]
File: /home/spm/adamm/HPC/F90Course/Diagrams/ArrayConformanceDiagram.eps Graphi
c file (type eps)
</home/spm/adamm/HPC/F90Course/Diagrams/ArrayConformanceDiagram.eps> [26


]
File: /home/spm/adamm/HPC/F90Course/Diagrams/ArrayConformanceDiagram.eps Graphi
c file (type eps)
</home/spm/adamm/HPC/F90Course/Diagrams/ArrayConformanceDiagram.eps> [27]
File: /home/spm/adamm/HPC/F90Course/Diagrams/ArraySectionsFigure.eps Graphic fi
le (type eps)
</home/spm/adamm/HPC/F90Course/Diagrams/ArraySectionsFigure.eps> [28


]
latex2htmlSize :tex2html_wrap_inline21486: 6.44444pt::0.83333pt.
[29

]
latex2htmlSize :tex2html_wrap_inline21488: 6.44444pt::0.83333pt.
[30

]
latex2htmlSize :tex2html_wrap_inline21490: 6.44444pt::0.83333pt.
[31

]
File: /home/spm/adamm/HPC/F90Course/Diagrams/ArraySectionsFigure.eps Graphic fi
le (type eps)
</home/spm/adamm/HPC/F90Course/Diagrams/ArraySectionsFigure.eps> [32]
latex2htmlSize :tex2html_wrap_inline21520: 6.44444pt::0.83333pt.
[33


]
File: /home/spm/adamm/HPC/F90Course/Diagrams/ReshapeIntrinsicDiagram.eps Graphi
c file (type eps)
</home/spm/adamm/HPC/F90Course/Diagrams/ReshapeIntrinsicDiagram.eps> [34

]
latex2htmlSize :tex2html_wrap_inline21528: 6.44444pt::0.83333pt.
[35

]
File: /home/spm/adamm/HPC/F90Course/Diagrams/ReshapeIntrinsicDiagram.eps Graphi
c file (type eps)
</home/spm/adamm/HPC/F90Course/Diagrams/ReshapeIntrinsicDiagram.eps> [36

] [37

] [38

] [39

] [40

] [41

]
File: /home/spm/adamm/HPC/F90Course/Diagrams/VectorSubscriptsDiagram.eps Graphi
c file (type eps)
</home/spm/adamm/HPC/F90Course/Diagrams/VectorSubscriptsDiagram.eps> [42

]
File: /home/spm/adamm/HPC/F90Course/Diagrams/VectorSubscriptsDiagram.eps Graphi
c file (type eps)
</home/spm/adamm/HPC/F90Course/Diagrams/VectorSubscriptsDiagram.eps> [43

]
latex2htmlSize :tex2html_wrap_inline21568: 6.44444pt::1.35971pt.
[44

] [45

] [46

] [47

] [48

] [49

] [50

]
File: /home/spm/adamm/HPC/F90Course/Diagrams/MainProgramDiagram.eps Graphic fil
e (type eps)
</home/spm/adamm/HPC/F90Course/Diagrams/MainProgramDiagram.eps> [51

]
File: /home/spm/adamm/HPC/F90Course/Diagrams/SubroutineDiagram.eps Graphic file
 (type eps)
</home/spm/adamm/HPC/F90Course/Diagrams/SubroutineDiagram.eps> [52

]
File: /home/spm/adamm/HPC/F90Course/Diagrams/ModuleDiagram.eps Graphic file (ty
pe eps)
</home/spm/adamm/HPC/F90Course/Diagrams/ModuleDiagram.eps> [53

]
File: /home/spm/adamm/HPC/F90Course/Diagrams/ModuleDiagram.eps Graphic file (ty
pe eps)
</home/spm/adamm/HPC/F90Course/Diagrams/ModuleDiagram.eps> [54

]
File: /home/spm/adamm/HPC/F90Course/Diagrams/HowAStackWorks.eps Graphic file (t
ype eps)
</home/spm/adamm/HPC/F90Course/Diagrams/HowAStackWorks.eps> [55

]
File: /home/spm/adamm/HPC/F90Course/Diagrams/HowAStackWorks.eps Graphic file (t
ype eps)
</home/spm/adamm/HPC/F90Course/Diagrams/HowAStackWorks.eps> [56

]
File: /home/spm/adamm/HPC/F90Course/Diagrams/ImplementationOfAStack.eps Graphic
 file (type eps)
</home/spm/adamm/HPC/F90Course/Diagrams/ImplementationOfAStack.eps>
Overfull \hbox (38.37624pt too wide) in paragraph at lines 1769--1771
[][]
 []


Underfull \hbox (badness 10000) in paragraph at lines 1769--1771

 []

[57

]
File: /home/spm/adamm/HPC/F90Course/Diagrams/ImplementationOfAStack.eps Graphic
 file (type eps)
</home/spm/adamm/HPC/F90Course/Diagrams/ImplementationOfAStack.eps>
Overfull \hbox (23.37624pt too wide) in paragraph at lines 1776--1777
 [] 
 []

[58

]
File: /home/spm/adamm/HPC/F90Course/Diagrams/StackExampleVisualisation.eps Grap
hic file (type eps)
</home/spm/adamm/HPC/F90Course/Diagrams/StackExampleVisualisation.eps>
Overfull \hbox (78.32272pt too wide) in paragraph at lines 1786--1788
[][]
 []


Underfull \hbox (badness 10000) in paragraph at lines 1786--1788

 []

[59

]
File: /home/spm/adamm/HPC/F90Course/Diagrams/StackExampleVisualisation.eps Grap
hic file (type eps)
</home/spm/adamm/HPC/F90Course/Diagrams/StackExampleVisualisation.eps>
Overfull \hbox (63.32272pt too wide) in paragraph at lines 1793--1794
 [] 
 []

[60

]
Overfull \hbox (55.34998pt too wide) in paragraph at lines 1810--1824
[][]
 []


Underfull \hbox (badness 10000) in paragraph at lines 1810--1824

 []

[61

]
File: /home/spm/adamm/HPC/F90Course/Diagrams/BitVariablesDiagram2.eps Graphic f
ile (type eps)
</home/spm/adamm/HPC/F90Course/Diagrams/BitVariablesDiagram2.eps> [62

] [63

] [64

] [65

] [66

] [67

] [68

] [69

] [70

] [71

] [72

] [73

] [74

] [75

] [76

] [77

]
File: /home/spm/adamm/HPC/F90Course/Diagrams/TransferIntrinsicDiagram.eps Graph
ic file (type eps)
</home/spm/adamm/HPC/F90Course/Diagrams/TransferIntrinsicDiagram.eps> [78

]
File: /home/spm/adamm/HPC/F90Course/Diagrams/TransferIntrinsicDiagram.eps Graph
ic file (type eps)
</home/spm/adamm/HPC/F90Course/Diagrams/TransferIntrinsicDiagram.eps> [79

]
File: /home/spm/adamm/HPC/HPFCourse/Diagrams/ProcessorGrid.eps Graphic file (ty
pe eps)
</home/spm/adamm/HPC/HPFCourse/Diagrams/ProcessorGrid.eps> [80

]
File: /home/spm/adamm/HPC/HPFCourse/Diagrams/ProcessorChain.eps Graphic file (t
ype eps)
</home/spm/adamm/HPC/HPFCourse/Diagrams/ProcessorChain.eps> [81

]
File: /home/spm/adamm/HPC/HPFCourse/Diagrams/ProcessorGrid.eps Graphic file (ty
pe eps)
</home/spm/adamm/HPC/HPFCourse/Diagrams/ProcessorGrid.eps> [82

]
File: /home/spm/adamm/HPC/HPFCourse/Diagrams/ProcessorChain.eps Graphic file (t
ype eps)
</home/spm/adamm/HPC/HPFCourse/Diagrams/ProcessorChain.eps>
Overfull \hbox (33.66797pt too wide) in paragraph at lines 2060--2062
[]|  [] 
 []

[83

]
File: /home/spm/adamm/HPC/HPFCourse/Diagrams/MessagePassing.eps Graphic file (t
ype eps)
</home/spm/adamm/HPC/HPFCourse/Diagrams/MessagePassing.eps>
Overfull \hbox (84.34692pt too wide) in paragraph at lines 2074--2076
[][]
 []


Underfull \hbox (badness 10000) in paragraph at lines 2074--2076

 []

[84

]
File: /home/spm/adamm/HPC/HPFCourse/Diagrams/MessagePassing.eps Graphic file (t
ype eps)
</home/spm/adamm/HPC/HPFCourse/Diagrams/MessagePassing.eps>
Overfull \hbox (85.64825pt too wide) in paragraph at lines 2080--2081
[]| [] 
 []

[85

]
latex2htmlSize :tex2html_wrap_inline22244: 8.44843pt::3.44841pt.
[86

]
File: /home/spm/adamm/HPC/HPFCourse/Diagrams/BlockDistribution.ps Graphic file 
(type eps)
</home/spm/adamm/HPC/HPFCourse/Diagrams/BlockDistribution.ps>
Overfull \hbox (113.6575pt too wide) in paragraph at lines 2102--2104
[][]
 []


Underfull \hbox (badness 10000) in paragraph at lines 2102--2104

 []

[87

]
latex2htmlSize :tex2html_wrap_inline22254: 6.94444pt::1.94443pt.
[88

]
latex2htmlSize :tex2html_wrap_inline22256: 6.94444pt::1.94443pt.
[89

] [90

]
File: /home/spm/adamm/HPC/HPFCourse/Diagrams/BlockDistribution.ps Graphic file 
(type eps)
</home/spm/adamm/HPC/HPFCourse/Diagrams/BlockDistribution.ps>
Overfull \hbox (98.6575pt too wide) in paragraph at lines 2123--2124
[][] 
 []

[91

]
File: /home/spm/adamm/HPC/HPFCourse/Diagrams/CyclicDistribution.ps Graphic file
 (type eps)
</home/spm/adamm/HPC/HPFCourse/Diagrams/CyclicDistribution.ps>
Overfull \hbox (122.69125pt too wide) in paragraph at lines 2132--2134
[][]
 []


Underfull \hbox (badness 10000) in paragraph at lines 2132--2134

 []

[92

]
File: /home/spm/adamm/HPC/HPFCourse/Diagrams/CyclicDistribution.ps Graphic file
 (type eps)
</home/spm/adamm/HPC/HPFCourse/Diagrams/CyclicDistribution.ps>
Overfull \hbox (107.69125pt too wide) in paragraph at lines 2138--2139
[][] 
 []

[93

]
File: /home/spm/adamm/HPC/HPFCourse/Diagrams/BlockCyclicDistribution.ps Graphic
 file (type eps)
</home/spm/adamm/HPC/HPFCourse/Diagrams/BlockCyclicDistribution.ps> [94

]
File: /home/spm/adamm/HPC/HPFCourse/Diagrams/BlockCyclicDistribution.ps Graphic
 file (type eps)
</home/spm/adamm/HPC/HPFCourse/Diagrams/BlockCyclicDistribution.ps> [95

]
File: /home/spm/adamm/HPC/HPFCourse/Diagrams/ReplicatedDistribution.ps Graphic 
file (type eps)
</home/spm/adamm/HPC/HPFCourse/Diagrams/ReplicatedDistribution.ps> [96

]
File: /home/spm/adamm/HPC/HPFCourse/Diagrams/ReplicatedDistribution.ps Graphic 
file (type eps)
</home/spm/adamm/HPC/HPFCourse/Diagrams/ReplicatedDistribution.ps> [97

]
File: /home/spm/adamm/HPC/HPFCourse/Diagrams/SORAccess.ps Graphic file (type ep
s)
</home/spm/adamm/HPC/HPFCourse/Diagrams/SORAccess.ps> [98

]
File: /home/spm/adamm/HPC/HPFCourse/Diagrams/SORAccess.ps Graphic file (type ep
s)
</home/spm/adamm/HPC/HPFCourse/Diagrams/SORAccess.ps> [99

]
File: /home/spm/adamm/HPC/HPFCourse/Diagrams/BlockMCyclicMDistribution.ps Graph
ic file (type eps)
</home/spm/adamm/HPC/HPFCourse/Diagrams/BlockMCyclicMDistribution.ps>
Overfull \hbox (118.67624pt too wide) in paragraph at lines 2201--2203
[][]
 []


Underfull \hbox (badness 10000) in paragraph at lines 2201--2203

 []

[100

]
File: /home/spm/adamm/HPC/HPFCourse/Diagrams/BlockMCyclicMDistribution.ps Graph
ic file (type eps)
</home/spm/adamm/HPC/HPFCourse/Diagrams/BlockMCyclicMDistribution.ps>
Overfull \hbox (103.67624pt too wide) in paragraph at lines 2207--2208
[]| [] 
 []

[101

]
File: /home/spm/adamm/HPC/HPFCourse/Diagrams/2DBlockMCyclicMDistribution.ps Gra
phic file (type eps)
</home/spm/adamm/HPC/HPFCourse/Diagrams/2DBlockMCyclicMDistribution.ps> [102

]
File: /home/spm/adamm/HPC/HPFCourse/Diagrams/2DBlockMCyclicMDistribution.ps Gra
phic file (type eps)
</home/spm/adamm/HPC/HPFCourse/Diagrams/2DBlockMCyclicMDistribution.ps>
Overfull \hbox (11.37076pt too wide) in paragraph at lines 2222--2223
[]| [] 
 []

[103

]
File: /home/spm/adamm/HPC/HPFCourse/Diagrams/AlignAB.ps Graphic file (type eps)

</home/spm/adamm/HPC/HPFCourse/Diagrams/AlignAB.ps>
Overfull \hbox (0.23375pt too wide) in paragraph at lines 2233--2235
[][]
 []


Underfull \hbox (badness 10000) in paragraph at lines 2233--2235

 []

[104

] [105

]
File: /home/spm/adamm/HPC/HPFCourse/Diagrams/AlignAB.ps Graphic file (type eps)

</home/spm/adamm/HPC/HPFCourse/Diagrams/AlignAB.ps>
Overfull \hbox (70.59201pt too wide) in paragraph at lines 2246--2247
[]| [] 
 []

[106

]
latex2htmlSize :tex2html_wrap_inline22386: 6.94444pt::0.0pt.
[107

]
File: /home/spm/adamm/HPC/HPFCourse/Diagrams/2DAlign.ps Graphic file (type eps)

</home/spm/adamm/HPC/HPFCourse/Diagrams/2DAlign.ps>
Overfull \hbox (47.41pt too wide) in paragraph at lines 2261--2263
[][]
 []


Underfull \hbox (badness 10000) in paragraph at lines 2261--2263

 []

[108

]
File: /home/spm/adamm/HPC/HPFCourse/Diagrams/2DAlign.ps Graphic file (type eps)

</home/spm/adamm/HPC/HPFCourse/Diagrams/2DAlign.ps>
Overfull \hbox (25.63797pt too wide) in paragraph at lines 2267--2269
[]|  [] 
 []

[109

]
File: /home/spm/adamm/HPC/HPFCourse/Diagrams/Transposed2DAlign.ps Graphic file 
(type eps)
</home/spm/adamm/HPC/HPFCourse/Diagrams/Transposed2DAlign.ps>
Overfull \hbox (47.41pt too wide) in paragraph at lines 2278--2280
[][]
 []


Underfull \hbox (badness 10000) in paragraph at lines 2278--2280

 []

[110

]
File: /home/spm/adamm/HPC/HPFCourse/Diagrams/Transposed2DAlign.ps Graphic file 
(type eps)
</home/spm/adamm/HPC/HPFCourse/Diagrams/Transposed2DAlign.ps>
Overfull \hbox (25.63797pt too wide) in paragraph at lines 2284--2286
[]|  [] 
 []

[111

]
File: /home/spm/adamm/HPC/HPFCourse/Diagrams/StridedAlignment.ps Graphic file (
type eps)
</home/spm/adamm/HPC/HPFCourse/Diagrams/StridedAlignment.ps> [112

]
File: /home/spm/adamm/HPC/HPFCourse/Diagrams/StridedAlignment.ps Graphic file (
type eps)
</home/spm/adamm/HPC/HPFCourse/Diagrams/StridedAlignment.ps> [113

]
File: /home/spm/adamm/HPC/HPFCourse/Diagrams/ReverseStridedAlignment.ps Graphic
 file (type eps)
</home/spm/adamm/HPC/HPFCourse/Diagrams/ReverseStridedAlignment.ps> [114

]
File: /home/spm/adamm/HPC/HPFCourse/Diagrams/ReverseStridedAlignment.ps Graphic
 file (type eps)
</home/spm/adamm/HPC/HPFCourse/Diagrams/ReverseStridedAlignment.ps> [115

]
File: /home/spm/adamm/HPC/HPFCourse/Diagrams/CollapsedAlignment.ps Graphic file
 (type eps)
</home/spm/adamm/HPC/HPFCourse/Diagrams/CollapsedAlignment.ps> [116

]
File: /home/spm/adamm/HPC/HPFCourse/Diagrams/CollapsedAlignment.ps Graphic file
 (type eps)
</home/spm/adamm/HPC/HPFCourse/Diagrams/CollapsedAlignment.ps> [117

]
File: /home/spm/adamm/HPC/HPFCourse/Diagrams/ReplicatedAlignment.ps Graphic fil
e (type eps)
</home/spm/adamm/HPC/HPFCourse/Diagrams/ReplicatedAlignment.ps> [118

]
File: /home/spm/adamm/HPC/HPFCourse/Diagrams/ReplicatedAlignment.ps Graphic fil
e (type eps)
</home/spm/adamm/HPC/HPFCourse/Diagrams/ReplicatedAlignment.ps> [119

]
File: /home/spm/adamm/HPC/HPFCourse/Diagrams/GaussF90Replication.eps Graphic fi
le (type eps)
</home/spm/adamm/HPC/HPFCourse/Diagrams/GaussF90Replication.eps>
Overfull \hbox (105.62749pt too wide) in paragraph at lines 2359--2361
[][]
 []


Underfull \hbox (badness 10000) in paragraph at lines 2359--2361

 []

[120

]
File: /home/spm/adamm/HPC/HPFCourse/Diagrams/GaussF90Replication.eps Graphic fi
le (type eps)
</home/spm/adamm/HPC/HPFCourse/Diagrams/GaussF90Replication.eps>
Overfull \hbox (90.62749pt too wide) in paragraph at lines 2365--2365
 [] 
 []

[121

]
File: /home/spm/adamm/HPC/HPFCourse/Diagrams/AlignTemplateAB.ps Graphic file (t
ype eps)
</home/spm/adamm/HPC/HPFCourse/Diagrams/AlignTemplateAB.ps> [122

]
File: /home/spm/adamm/HPC/HPFCourse/Diagrams/AlignTemplateAB.ps Graphic file (t
ype eps)
</home/spm/adamm/HPC/HPFCourse/Diagrams/AlignTemplateAB.ps>
Overfull \hbox (23.41576pt too wide) in paragraph at lines 2382--2383
[]| [] 
 []

[123

]
File: /home/spm/adamm/HPC/HPFCourse/Diagrams/NewAlignTemplateDCE.ps Graphic fil
e (type eps)
</home/spm/adamm/HPC/HPFCourse/Diagrams/NewAlignTemplateDCE.ps> [124

]
File: /home/spm/adamm/HPC/HPFCourse/Diagrams/NewAlignTemplateDCE.ps Graphic fil
e (type eps)
</home/spm/adamm/HPC/HPFCourse/Diagrams/NewAlignTemplateDCE.ps> [125

]
File: /home/spm/adamm/HPC/HPFCourse/Diagrams/AlignToSection.ps Graphic file (ty
pe eps)
</home/spm/adamm/HPC/HPFCourse/Diagrams/AlignToSection.ps> [126

] [127

]
File: /home/spm/adamm/HPC/HPFCourse/Diagrams/AlignToSection.ps Graphic file (ty
pe eps)
</home/spm/adamm/HPC/HPFCourse/Diagrams/AlignToSection.ps> [128

]
File: /home/spm/adamm/HPC/HPFCourse/Diagrams/ScalarAlignment.ps Graphic file (t
ype eps)
</home/spm/adamm/HPC/HPFCourse/Diagrams/ScalarAlignment.ps> [129

]
File: /home/spm/adamm/HPC/HPFCourse/Diagrams/ScalarAlignment.ps Graphic file (t
ype eps)
</home/spm/adamm/HPC/HPFCourse/Diagrams/ScalarAlignment.ps> [130

]
File: /home/spm/adamm/HPC/HPFCourse/Diagrams/IndependentExample1.ps Graphic fil
e (type eps)
</home/spm/adamm/HPC/HPFCourse/Diagrams/IndependentExample1.ps>
Overfull \hbox (87.56158pt too wide) in paragraph at lines 2460--2462
[][]
 []


Underfull \hbox (badness 10000) in paragraph at lines 2460--2462

 []

[131

]
File: /home/spm/adamm/HPC/HPFCourse/Diagrams/IndependentExample1.ps Graphic fil
e (type eps)
</home/spm/adamm/HPC/HPFCourse/Diagrams/IndependentExample1.ps>
Overfull \hbox (46.4625pt too wide) in paragraph at lines 2467--2468
 [] 
 []

[132

]
File: /home/spm/adamm/HPC/HPFCourse/Diagrams/NewVariables1.ps Graphic file (typ
e eps)
</home/spm/adamm/HPC/HPFCourse/Diagrams/NewVariables1.ps>
Overfull \hbox (88.3646pt too wide) in paragraph at lines 2478--2480
[][]
 []


Underfull \hbox (badness 10000) in paragraph at lines 2478--2480

 []

[133

]
File: /home/spm/adamm/HPC/HPFCourse/Diagrams/NewVariables1.ps Graphic file (typ
e eps)
</home/spm/adamm/HPC/HPFCourse/Diagrams/NewVariables1.ps>
Overfull \hbox (0.15138pt too wide) in paragraph at lines 2485--2486
 [] 
 []

[134

]
File: /home/spm/adamm/HPC/HPFCourse/Diagrams/NewVariablesExample1.ps Graphic fi
le (type eps)
</home/spm/adamm/HPC/HPFCourse/Diagrams/NewVariablesExample1.ps>
Overfull \hbox (132.22687pt too wide) in paragraph at lines 2497--2499
[][]
 []


Underfull \hbox (badness 10000) in paragraph at lines 2497--2499

 []

[135

]
latex2htmlSize :tex2html_wrap_inline22526: 5.83333pt::0.83333pt.
[136

]
File: /home/spm/adamm/HPC/HPFCourse/Diagrams/NewVariablesExample1.ps Graphic fi
le (type eps)
</home/spm/adamm/HPC/HPFCourse/Diagrams/NewVariablesExample1.ps>
Overfull \hbox (24.78526pt too wide) in paragraph at lines 2509--2510
 [] 
 []

[137

]
latex2htmlSize :tex2html_wrap_inline22534: 6.44444pt::0.83333pt.
[138

] [139

] [140

]
File: /home/spm/adamm/HPC/HPFCourse/Diagrams/PassingSectionsActuals.eps Graphic
 file (type eps)
</home/spm/adamm/HPC/HPFCourse/Diagrams/PassingSectionsActuals.eps>
Overfull \hbox (46.40625pt too wide) in paragraph at lines 2552--2554
[][]
 []


Underfull \hbox (badness 10000) in paragraph at lines 2552--2554

 []

[141

]
File: /home/spm/adamm/HPC/HPFCourse/Diagrams/PassingSectionsActuals.eps Graphic
 file (type eps)
</home/spm/adamm/HPC/HPFCourse/Diagrams/PassingSectionsActuals.eps>
Overfull \hbox (31.40625pt too wide) in paragraph at lines 2559--2560
 [] 
 []

[142

]
latex2htmlSize :tex2html_wrap_inline22546: 6.44444pt::0.83333pt.
[143

] [144

] [145

]
latex2htmlSize :tex2html_wrap_inline22566: 6.44444pt::0.83333pt.
[146

]
latex2htmlSize :tex2html_wrap_inline22574: 5.83333pt::0.83333pt.
[147

] [148

]
latex2htmlSize :tex2html_wrap_inline22584: 4.30554pt::1.49998pt.
[149

]
latex2htmlSize :tex2html_wrap_inline22588: 6.59525pt::1.35971pt.
[150

] [151

]
latex2htmlSize :tex2html_wrap_inline22590: 6.59525pt::1.94444pt.
[152

]
latex2htmlSize :tex2html_wrap_inline22592: 6.44444pt::2.86108pt.
[153

]
latex2htmlSize :tex2html_wrap_inline22594: 6.44444pt::2.86108pt.
[154

]
latex2htmlSize :tex2html_wrap_inline22596: 4.30554pt::2.86108pt.
[155

]
latex2htmlSize :tex2html_wrap_inline22598: 4.30554pt::2.86108pt.
[156

]
latex2htmlSize :tex2html_wrap_inline22602: 7.5pt::2.86108pt.
[157

]
latex2htmlSize :tex2html_wrap_inline22604: 8.14003pt::3.96402pt.
[158

] [159

] [160

]
latex2htmlSize :tex2html_wrap_inline22606: 6.83331pt::1.49998pt.
[161

]
latex2htmlSize :tex2html_wrap_inline22608: 6.83331pt::1.49998pt.
[162

]
latex2htmlSize :tex2html_wrap_inline22610: 8.14003pt::0.0pt.
[163

] [164

]
latex2htmlSize :tex2html_wrap_inline22620: 6.44444pt::0.83333pt.
[165

]
Overfull \hbox (7.12437pt too wide) in paragraph at lines 2746--2762
 [] 
 []

[166

] [167

] (images.aux)

LaTeX Warning: Label(s) may have changed. Rerun to get cross-references right.

 ) 
Here is how much of TeX's memory you used:
 1603 strings out of 10950
 22362 string characters out of 73481
 61409 words of memory out of 262141
 3988 multiletter control sequences out of 9500
 6322 words of font info for 24 fonts, out of 100000 for 255
 25 hyphenation exceptions out of 607
 32i,11n,23p,219b,310s stack positions out of 300i,40n,60p,3000b,4000s

Output written on images.dvi (167 pages, 46392 bytes).
