sdumont1047
sdumont1047
	linux-vdso.so.1 =>  (0x00007fff0c4c3000)
	libm.so.6 => /usr/lib64/libm.so.6 (0x00002b9d30093000)
	libiomp5.so => /opt/intel/parallel_studio_xe_2019/intelpython3/lib/libiomp5.so (0x00002b9d30395000)
	libpthread.so.0 => /usr/lib64/libpthread.so.0 (0x00002b9d3078a000)
	libdl.so.2 => /usr/lib64/libdl.so.2 (0x00002b9d309a6000)
	libc.so.6 => /usr/lib64/libc.so.6 (0x00002b9d30baa000)
	libgcc_s.so.1 => /usr/lib64/libgcc_s.so.1 (0x00002b9d30f77000)
	/lib64/ld-linux-x86-64.so.2 (0x00002b9d2fe6f000)
24
 Result:   3.14159265358926       Error:  5.311306949806749E-013
 Partitions:    67108864     Threads:           2     Elapsed time:
   1.26824300000000     
 Result:   3.14159265358975       Error:  4.085620730620576E-014
 Partitions:    67108864     Threads:          12     Elapsed time:
   1.27384000000000     
 Result:   3.14159265358980       Error: -4.884981308350689E-015
 Partitions:    67108864     Threads:          24     Elapsed time:
   2.24448100000000     
 Result:   3.14159265359007       Error: -2.735589532676386E-013
 Partitions:   268435456     Threads:           2     Elapsed time:
   5.06095500000000     
 Result:   3.14159265358970       Error:  9.459100169806334E-014
 Partitions:   268435456     Threads:          12     Elapsed time:
   5.08238300000000     
 Result:   3.14159265358973       Error:  6.128431095930864E-014
 Partitions:   268435456     Threads:          24     Elapsed time:
   5.99056500000000     
 Result:   3.14159265358997       Error: -1.816324868286756E-013
 Partitions:  1073741824     Threads:           2     Elapsed time:
   20.2332610000000     
 Result:   3.14159265358975       Error:  3.996802888650564E-014
 Partitions:  1073741824     Threads:          12     Elapsed time:
   20.2776420000000     
 Result:   3.14159265358977       Error:  2.531308496145357E-014
 Partitions:  1073741824     Threads:          24     Elapsed time:
   21.1839170000000     
